<?xml version="1.0" encoding="UTF-8"?>
<testsuite xmlns:xsi="http://www.w3.org/2001/XMLSchema-instance" xsi:noNamespaceSchemaLocation="https://maven.apache.org/surefire/maven-surefire-plugin/xsd/surefire-test-report.xsd" name="com.banque.Project.ProjectApplicationTests" time="3.955" tests="1" errors="0" skipped="0" failures="0">
  <properties>
    <property name="sun.desktop" value="windows"/>
    <property name="awt.toolkit" value="sun.awt.windows.WToolkit"/>
    <property name="file.encoding.pkg" value="sun.io"/>
    <property name="java.specification.version" value="1.8"/>
    <property name="sun.cpu.isalist" value="amd64"/>
    <property name="sun.jnu.encoding" value="Cp1252"/>
    <property name="java.class.path" value="C:\Users\ib\Desktop\WebServices\Project\Project\target\test-classes;C:\Users\ib\Desktop\WebServices\Project\Project\target\classes;C:\Users\ib\.m2\repository\org\springframework\boot\spring-boot-starter-data-jpa\2.2.0.M6\spring-boot-starter-data-jpa-2.2.0.M6.jar;C:\Users\ib\.m2\repository\org\springframework\boot\spring-boot-starter-aop\2.2.0.M6\spring-boot-starter-aop-2.2.0.M6.jar;C:\Users\ib\.m2\repository\org\springframework\boot\spring-boot-starter-jdbc\2.2.0.M6\spring-boot-starter-jdbc-2.2.0.M6.jar;C:\Users\ib\.m2\repository\com\zaxxer\HikariCP\3.3.1\HikariCP-3.3.1.jar;C:\Users\ib\.m2\repository\jakarta\activation\jakarta.activation-api\1.2.1\jakarta.activation-api-1.2.1.jar;C:\Users\ib\.m2\repository\jakarta\persistence\jakarta.persistence-api\2.2.3\jakarta.persistence-api-2.2.3.jar;C:\Users\ib\.m2\repository\jakarta\transaction\jakarta.transaction-api\1.3.3\jakarta.transaction-api-1.3.3.jar;C:\Users\ib\.m2\repository\org\springframework\data\spring-data-jpa\2.2.0.RC3\spring-data-jpa-2.2.0.RC3.jar;C:\Users\ib\.m2\repository\org\springframework\data\spring-data-commons\2.2.0.RC3\spring-data-commons-2.2.0.RC3.jar;C:\Users\ib\.m2\repository\org\slf4j\slf4j-api\1.7.28\slf4j-api-1.7.28.jar;C:\Users\ib\.m2\repository\org\springframework\boot\spring-boot-starter-jersey\2.2.0.M6\spring-boot-starter-jersey-2.2.0.M6.jar;C:\Users\ib\.m2\repository\org\springframework\boot\spring-boot-starter-json\2.2.0.M6\spring-boot-starter-json-2.2.0.M6.jar;C:\Users\ib\.m2\repository\com\fasterxml\jackson\core\jackson-databind\2.9.9.3\jackson-databind-2.9.9.3.jar;C:\Users\ib\.m2\repository\com\fasterxml\jackson\core\jackson-core\2.9.9\jackson-core-2.9.9.jar;C:\Users\ib\.m2\repository\com\fasterxml\jackson\datatype\jackson-datatype-jdk8\2.9.9\jackson-datatype-jdk8-2.9.9.jar;C:\Users\ib\.m2\repository\com\fasterxml\jackson\datatype\jackson-datatype-jsr310\2.9.9\jackson-datatype-jsr310-2.9.9.jar;C:\Users\ib\.m2\repository\com\fasterxml\jackson\module\jackson-module-parameter-names\2.9.9\jackson-module-parameter-names-2.9.9.jar;C:\Users\ib\.m2\repository\org\springframework\boot\spring-boot-starter-tomcat\2.2.0.M6\spring-boot-starter-tomcat-2.2.0.M6.jar;C:\Users\ib\.m2\repository\org\apache\tomcat\embed\tomcat-embed-core\9.0.24\tomcat-embed-core-9.0.24.jar;C:\Users\ib\.m2\repository\org\apache\tomcat\embed\tomcat-embed-el\9.0.24\tomcat-embed-el-9.0.24.jar;C:\Users\ib\.m2\repository\org\apache\tomcat\embed\tomcat-embed-websocket\9.0.24\tomcat-embed-websocket-9.0.24.jar;C:\Users\ib\.m2\repository\org\springframework\boot\spring-boot-starter-validation\2.2.0.M6\spring-boot-starter-validation-2.2.0.M6.jar;C:\Users\ib\.m2\repository\jakarta\validation\jakarta.validation-api\2.0.1\jakarta.validation-api-2.0.1.jar;C:\Users\ib\.m2\repository\org\hibernate\validator\hibernate-validator\6.0.17.Final\hibernate-validator-6.0.17.Final.jar;C:\Users\ib\.m2\repository\jakarta\annotation\jakarta.annotation-api\1.3.5\jakarta.annotation-api-1.3.5.jar;C:\Users\ib\.m2\repository\jakarta\ws\rs\jakarta.ws.rs-api\2.1.6\jakarta.ws.rs-api-2.1.6.jar;C:\Users\ib\.m2\repository\org\glassfish\jersey\core\jersey-server\2.29\jersey-server-2.29.jar;C:\Users\ib\.m2\repository\org\glassfish\jersey\core\jersey-common\2.29\jersey-common-2.29.jar;C:\Users\ib\.m2\repository\org\glassfish\hk2\osgi-resource-locator\1.0.3\osgi-resource-locator-1.0.3.jar;C:\Users\ib\.m2\repository\org\glassfish\jersey\core\jersey-client\2.29\jersey-client-2.29.jar;C:\Users\ib\.m2\repository\org\glassfish\jersey\media\jersey-media-jaxb\2.29\jersey-media-jaxb-2.29.jar;C:\Users\ib\.m2\repository\org\glassfish\hk2\external\jakarta.inject\2.5.0\jakarta.inject-2.5.0.jar;C:\Users\ib\.m2\repository\org\glassfish\jersey\containers\jersey-container-servlet-core\2.29\jersey-container-servlet-core-2.29.jar;C:\Users\ib\.m2\repository\org\glassfish\jersey\containers\jersey-container-servlet\2.29\jersey-container-servlet-2.29.jar;C:\Users\ib\.m2\repository\org\glassfish\jersey\ext\jersey-bean-validation\2.29\jersey-bean-validation-2.29.jar;C:\Users\ib\.m2\repository\org\glassfish\jersey\ext\jersey-spring5\2.29\jersey-spring5-2.29.jar;C:\Users\ib\.m2\repository\org\glassfish\jersey\inject\jersey-hk2\2.29\jersey-hk2-2.29.jar;C:\Users\ib\.m2\repository\org\glassfish\hk2\hk2-locator\2.5.0\hk2-locator-2.5.0.jar;C:\Users\ib\.m2\repository\org\glassfish\hk2\external\aopalliance-repackaged\2.5.0\aopalliance-repackaged-2.5.0.jar;C:\Users\ib\.m2\repository\org\glassfish\hk2\hk2\2.5.0\hk2-2.5.0.jar;C:\Users\ib\.m2\repository\org\glassfish\hk2\hk2-utils\2.5.0\hk2-utils-2.5.0.jar;C:\Users\ib\.m2\repository\org\glassfish\hk2\hk2-api\2.5.0\hk2-api-2.5.0.jar;C:\Users\ib\.m2\repository\org\glassfish\hk2\hk2-core\2.5.0\hk2-core-2.5.0.jar;C:\Users\ib\.m2\repository\org\glassfish\hk2\hk2-runlevel\2.5.0\hk2-runlevel-2.5.0.jar;C:\Users\ib\.m2\repository\org\glassfish\hk2\class-model\2.5.0\class-model-2.5.0.jar;C:\Users\ib\.m2\repository\org\glassfish\hk2\external\asm-repackaged\2.5.0\asm-repackaged-2.5.0.jar;C:\Users\ib\.m2\repository\org\glassfish\hk2\spring-bridge\2.5.0\spring-bridge-2.5.0.jar;C:\Users\ib\.m2\repository\org\glassfish\jersey\media\jersey-media-json-jackson\2.29\jersey-media-json-jackson-2.29.jar;C:\Users\ib\.m2\repository\org\glassfish\jersey\ext\jersey-entity-filtering\2.29\jersey-entity-filtering-2.29.jar;C:\Users\ib\.m2\repository\com\fasterxml\jackson\core\jackson-annotations\2.9.0\jackson-annotations-2.9.0.jar;C:\Users\ib\.m2\repository\com\fasterxml\jackson\module\jackson-module-jaxb-annotations\2.9.9\jackson-module-jaxb-annotations-2.9.9.jar;C:\Users\ib\.m2\repository\jakarta\xml\bind\jakarta.xml.bind-api\2.3.2\jakarta.xml.bind-api-2.3.2.jar;C:\Users\ib\.m2\repository\org\springframework\boot\spring-boot-starter-mail\2.2.0.M6\spring-boot-starter-mail-2.2.0.M6.jar;C:\Users\ib\.m2\repository\org\springframework\boot\spring-boot-starter\2.2.0.M6\spring-boot-starter-2.2.0.M6.jar;C:\Users\ib\.m2\repository\org\springframework\boot\spring-boot\2.2.0.M6\spring-boot-2.2.0.M6.jar;C:\Users\ib\.m2\repository\org\springframework\boot\spring-boot-autoconfigure\2.2.0.M6\spring-boot-autoconfigure-2.2.0.M6.jar;C:\Users\ib\.m2\repository\org\springframework\boot\spring-boot-starter-logging\2.2.0.M6\spring-boot-starter-logging-2.2.0.M6.jar;C:\Users\ib\.m2\repository\ch\qos\logback\logback-classic\1.2.3\logback-classic-1.2.3.jar;C:\Users\ib\.m2\repository\ch\qos\logback\logback-core\1.2.3\logback-core-1.2.3.jar;C:\Users\ib\.m2\repository\org\apache\logging\log4j\log4j-to-slf4j\2.12.1\log4j-to-slf4j-2.12.1.jar;C:\Users\ib\.m2\repository\org\slf4j\jul-to-slf4j\1.7.28\jul-to-slf4j-1.7.28.jar;C:\Users\ib\.m2\repository\org\yaml\snakeyaml\1.25\snakeyaml-1.25.jar;C:\Users\ib\.m2\repository\org\springframework\spring-context-support\5.2.0.RC2\spring-context-support-5.2.0.RC2.jar;C:\Users\ib\.m2\repository\com\sun\mail\jakarta.mail\1.6.4\jakarta.mail-1.6.4.jar;C:\Users\ib\.m2\repository\com\sun\activation\jakarta.activation\1.2.1\jakarta.activation-1.2.1.jar;C:\Users\ib\.m2\repository\org\springframework\boot\spring-boot-starter-web\2.2.0.M6\spring-boot-starter-web-2.2.0.M6.jar;C:\Users\ib\.m2\repository\org\springframework\spring-webmvc\5.2.0.RC2\spring-webmvc-5.2.0.RC2.jar;C:\Users\ib\.m2\repository\org\springframework\boot\spring-boot-starter-test\2.2.0.M6\spring-boot-starter-test-2.2.0.M6.jar;C:\Users\ib\.m2\repository\org\springframework\boot\spring-boot-test\2.2.0.M6\spring-boot-test-2.2.0.M6.jar;C:\Users\ib\.m2\repository\org\springframework\boot\spring-boot-test-autoconfigure\2.2.0.M6\spring-boot-test-autoconfigure-2.2.0.M6.jar;C:\Users\ib\.m2\repository\com\jayway\jsonpath\json-path\2.4.0\json-path-2.4.0.jar;C:\Users\ib\.m2\repository\net\minidev\json-smart\2.3\json-smart-2.3.jar;C:\Users\ib\.m2\repository\net\minidev\accessors-smart\1.2\accessors-smart-1.2.jar;C:\Users\ib\.m2\repository\org\ow2\asm\asm\5.0.4\asm-5.0.4.jar;C:\Users\ib\.m2\repository\org\junit\jupiter\junit-jupiter\5.5.2\junit-jupiter-5.5.2.jar;C:\Users\ib\.m2\repository\org\junit\jupiter\junit-jupiter-api\5.5.2\junit-jupiter-api-5.5.2.jar;C:\Users\ib\.m2\repository\org\apiguardian\apiguardian-api\1.1.0\apiguardian-api-1.1.0.jar;C:\Users\ib\.m2\repository\org\opentest4j\opentest4j\1.2.0\opentest4j-1.2.0.jar;C:\Users\ib\.m2\repository\org\junit\platform\junit-platform-commons\1.5.2\junit-platform-commons-1.5.2.jar;C:\Users\ib\.m2\repository\org\junit\jupiter\junit-jupiter-params\5.5.2\junit-jupiter-params-5.5.2.jar;C:\Users\ib\.m2\repository\org\junit\jupiter\junit-jupiter-engine\5.5.2\junit-jupiter-engine-5.5.2.jar;C:\Users\ib\.m2\repository\org\junit\platform\junit-platform-engine\1.5.2\junit-platform-engine-1.5.2.jar;C:\Users\ib\.m2\repository\org\mockito\mockito-junit-jupiter\3.0.0\mockito-junit-jupiter-3.0.0.jar;C:\Users\ib\.m2\repository\org\assertj\assertj-core\3.13.2\assertj-core-3.13.2.jar;C:\Users\ib\.m2\repository\org\hamcrest\hamcrest\2.1\hamcrest-2.1.jar;C:\Users\ib\.m2\repository\org\mockito\mockito-core\3.0.0\mockito-core-3.0.0.jar;C:\Users\ib\.m2\repository\net\bytebuddy\byte-buddy-agent\1.10.1\byte-buddy-agent-1.10.1.jar;C:\Users\ib\.m2\repository\org\objenesis\objenesis\2.6\objenesis-2.6.jar;C:\Users\ib\.m2\repository\org\skyscreamer\jsonassert\1.5.0\jsonassert-1.5.0.jar;C:\Users\ib\.m2\repository\com\vaadin\external\google\android-json\0.0.20131108.vaadin1\android-json-0.0.20131108.vaadin1.jar;C:\Users\ib\.m2\repository\org\springframework\spring-core\5.2.0.RC2\spring-core-5.2.0.RC2.jar;C:\Users\ib\.m2\repository\org\springframework\spring-jcl\5.2.0.RC2\spring-jcl-5.2.0.RC2.jar;C:\Users\ib\.m2\repository\org\springframework\spring-test\5.2.0.RC2\spring-test-5.2.0.RC2.jar;C:\Users\ib\.m2\repository\org\xmlunit\xmlunit-core\2.6.3\xmlunit-core-2.6.3.jar;C:\Users\ib\.m2\repository\junit\junit\4.12\junit-4.12.jar;C:\Users\ib\.m2\repository\org\hamcrest\hamcrest-core\2.1\hamcrest-core-2.1.jar;C:\Users\ib\.m2\repository\org\apache\logging\log4j\log4j-core\2.12.1\log4j-core-2.12.1.jar;C:\Users\ib\.m2\repository\org\apache\logging\log4j\log4j-api\2.12.1\log4j-api-2.12.1.jar;C:\Users\ib\.m2\repository\org\springframework\spring-web\5.2.0.RC2\spring-web-5.2.0.RC2.jar;C:\Users\ib\.m2\repository\org\springframework\spring-beans\5.2.0.RC2\spring-beans-5.2.0.RC2.jar;C:\Users\ib\.m2\repository\org\springframework\spring-context\5.2.0.RC2\spring-context-5.2.0.RC2.jar;C:\Users\ib\.m2\repository\org\springframework\spring-aop\5.2.0.RC2\spring-aop-5.2.0.RC2.jar;C:\Users\ib\.m2\repository\org\springframework\spring-expression\5.2.0.RC2\spring-expression-5.2.0.RC2.jar;C:\Users\ib\.m2\repository\org\hibernate\hibernate-core\5.4.4.Final\hibernate-core-5.4.4.Final.jar;C:\Users\ib\.m2\repository\org\jboss\logging\jboss-logging\3.4.1.Final\jboss-logging-3.4.1.Final.jar;C:\Users\ib\.m2\repository\javax\persistence\javax.persistence-api\2.2\javax.persistence-api-2.2.jar;C:\Users\ib\.m2\repository\org\javassist\javassist\3.24.0-GA\javassist-3.24.0-GA.jar;C:\Users\ib\.m2\repository\net\bytebuddy\byte-buddy\1.10.1\byte-buddy-1.10.1.jar;C:\Users\ib\.m2\repository\antlr\antlr\2.7.7\antlr-2.7.7.jar;C:\Users\ib\.m2\repository\org\jboss\spec\javax\transaction\jboss-transaction-api_1.2_spec\1.1.1.Final\jboss-transaction-api_1.2_spec-1.1.1.Final.jar;C:\Users\ib\.m2\repository\org\jboss\jandex\2.0.5.Final\jandex-2.0.5.Final.jar;C:\Users\ib\.m2\repository\com\fasterxml\classmate\1.5.0\classmate-1.5.0.jar;C:\Users\ib\.m2\repository\javax\activation\javax.activation-api\1.2.0\javax.activation-api-1.2.0.jar;C:\Users\ib\.m2\repository\org\dom4j\dom4j\2.1.1\dom4j-2.1.1.jar;C:\Users\ib\.m2\repository\org\hibernate\common\hibernate-commons-annotations\5.1.0.Final\hibernate-commons-annotations-5.1.0.Final.jar;C:\Users\ib\.m2\repository\javax\xml\bind\jaxb-api\2.3.1\jaxb-api-2.3.1.jar;C:\Users\ib\.m2\repository\org\glassfish\jaxb\jaxb-runtime\2.3.2\jaxb-runtime-2.3.2.jar;C:\Users\ib\.m2\repository\org\glassfish\jaxb\txw2\2.3.2\txw2-2.3.2.jar;C:\Users\ib\.m2\repository\com\sun\istack\istack-commons-runtime\3.0.8\istack-commons-runtime-3.0.8.jar;C:\Users\ib\.m2\repository\org\jvnet\staxex\stax-ex\1.8.1\stax-ex-1.8.1.jar;C:\Users\ib\.m2\repository\com\sun\xml\fastinfoset\FastInfoset\1.2.16\FastInfoset-1.2.16.jar;C:\Users\ib\.m2\repository\mysql\mysql-connector-java\8.0.17\mysql-connector-java-8.0.17.jar;C:\Users\ib\.m2\repository\org\springframework\spring-orm\5.2.0.RC2\spring-orm-5.2.0.RC2.jar;C:\Users\ib\.m2\repository\org\springframework\spring-jdbc\5.2.0.RC2\spring-jdbc-5.2.0.RC2.jar;C:\Users\ib\.m2\repository\org\springframework\spring-tx\5.2.0.RC2\spring-tx-5.2.0.RC2.jar;C:\Users\ib\.m2\repository\org\aspectj\aspectjrt\1.9.4\aspectjrt-1.9.4.jar;C:\Users\ib\.m2\repository\org\aspectj\aspectjweaver\1.9.4\aspectjweaver-1.9.4.jar;C:\Users\ib\.m2\repository\org\springframework\spring-aspects\5.2.0.RC2\spring-aspects-5.2.0.RC2.jar;C:\Users\ib\.m2\repository\org\apache\commons\commons-dbcp2\2.7.0\commons-dbcp2-2.7.0.jar;C:\Users\ib\.m2\repository\org\apache\commons\commons-pool2\2.7.0\commons-pool2-2.7.0.jar;"/>
    <property name="java.vm.vendor" value="Oracle Corporation"/>
    <property name="sun.arch.data.model" value="64"/>
    <property name="user.variant" value=""/>
    <property name="java.vendor.url" value="http://java.oracle.com/"/>
    <property name="user.timezone" value="Europe/Paris"/>
    <property name="java.vm.specification.version" value="1.8"/>
    <property name="os.name" value="Windows 10"/>
    <property name="user.country" value="FR"/>
    <property name="sun.java.launcher" value="SUN_STANDARD"/>
    <property name="sun.boot.library.path" value="C:\Program Files\Java\jdk1.8.0_151\jre\bin"/>
    <property name="sun.java.command" value="C:\Users\ib\AppData\Local\Temp\surefire718100565186059519\surefirebooter1759694482937810486.jar C:\Users\ib\AppData\Local\Temp\surefire718100565186059519 2019-09-27T15-02-54_393-jvmRun1 surefire3070138498691155802tmp surefire_01349152882719514702tmp"/>
    <property name="surefire.test.class.path" value="C:\Users\ib\Desktop\WebServices\Project\Project\target\test-classes;C:\Users\ib\Desktop\WebServices\Project\Project\target\classes;C:\Users\ib\.m2\repository\org\springframework\boot\spring-boot-starter-data-jpa\2.2.0.M6\spring-boot-starter-data-jpa-2.2.0.M6.jar;C:\Users\ib\.m2\repository\org\springframework\boot\spring-boot-starter-aop\2.2.0.M6\spring-boot-starter-aop-2.2.0.M6.jar;C:\Users\ib\.m2\repository\org\springframework\boot\spring-boot-starter-jdbc\2.2.0.M6\spring-boot-starter-jdbc-2.2.0.M6.jar;C:\Users\ib\.m2\repository\com\zaxxer\HikariCP\3.3.1\HikariCP-3.3.1.jar;C:\Users\ib\.m2\repository\jakarta\activation\jakarta.activation-api\1.2.1\jakarta.activation-api-1.2.1.jar;C:\Users\ib\.m2\repository\jakarta\persistence\jakarta.persistence-api\2.2.3\jakarta.persistence-api-2.2.3.jar;C:\Users\ib\.m2\repository\jakarta\transaction\jakarta.transaction-api\1.3.3\jakarta.transaction-api-1.3.3.jar;C:\Users\ib\.m2\repository\org\springframework\data\spring-data-jpa\2.2.0.RC3\spring-data-jpa-2.2.0.RC3.jar;C:\Users\ib\.m2\repository\org\springframework\data\spring-data-commons\2.2.0.RC3\spring-data-commons-2.2.0.RC3.jar;C:\Users\ib\.m2\repository\org\slf4j\slf4j-api\1.7.28\slf4j-api-1.7.28.jar;C:\Users\ib\.m2\repository\org\springframework\boot\spring-boot-starter-jersey\2.2.0.M6\spring-boot-starter-jersey-2.2.0.M6.jar;C:\Users\ib\.m2\repository\org\springframework\boot\spring-boot-starter-json\2.2.0.M6\spring-boot-starter-json-2.2.0.M6.jar;C:\Users\ib\.m2\repository\com\fasterxml\jackson\core\jackson-databind\2.9.9.3\jackson-databind-2.9.9.3.jar;C:\Users\ib\.m2\repository\com\fasterxml\jackson\core\jackson-core\2.9.9\jackson-core-2.9.9.jar;C:\Users\ib\.m2\repository\com\fasterxml\jackson\datatype\jackson-datatype-jdk8\2.9.9\jackson-datatype-jdk8-2.9.9.jar;C:\Users\ib\.m2\repository\com\fasterxml\jackson\datatype\jackson-datatype-jsr310\2.9.9\jackson-datatype-jsr310-2.9.9.jar;C:\Users\ib\.m2\repository\com\fasterxml\jackson\module\jackson-module-parameter-names\2.9.9\jackson-module-parameter-names-2.9.9.jar;C:\Users\ib\.m2\repository\org\springframework\boot\spring-boot-starter-tomcat\2.2.0.M6\spring-boot-starter-tomcat-2.2.0.M6.jar;C:\Users\ib\.m2\repository\org\apache\tomcat\embed\tomcat-embed-core\9.0.24\tomcat-embed-core-9.0.24.jar;C:\Users\ib\.m2\repository\org\apache\tomcat\embed\tomcat-embed-el\9.0.24\tomcat-embed-el-9.0.24.jar;C:\Users\ib\.m2\repository\org\apache\tomcat\embed\tomcat-embed-websocket\9.0.24\tomcat-embed-websocket-9.0.24.jar;C:\Users\ib\.m2\repository\org\springframework\boot\spring-boot-starter-validation\2.2.0.M6\spring-boot-starter-validation-2.2.0.M6.jar;C:\Users\ib\.m2\repository\jakarta\validation\jakarta.validation-api\2.0.1\jakarta.validation-api-2.0.1.jar;C:\Users\ib\.m2\repository\org\hibernate\validator\hibernate-validator\6.0.17.Final\hibernate-validator-6.0.17.Final.jar;C:\Users\ib\.m2\repository\jakarta\annotation\jakarta.annotation-api\1.3.5\jakarta.annotation-api-1.3.5.jar;C:\Users\ib\.m2\repository\jakarta\ws\rs\jakarta.ws.rs-api\2.1.6\jakarta.ws.rs-api-2.1.6.jar;C:\Users\ib\.m2\repository\org\glassfish\jersey\core\jersey-server\2.29\jersey-server-2.29.jar;C:\Users\ib\.m2\repository\org\glassfish\jersey\core\jersey-common\2.29\jersey-common-2.29.jar;C:\Users\ib\.m2\repository\org\glassfish\hk2\osgi-resource-locator\1.0.3\osgi-resource-locator-1.0.3.jar;C:\Users\ib\.m2\repository\org\glassfish\jersey\core\jersey-client\2.29\jersey-client-2.29.jar;C:\Users\ib\.m2\repository\org\glassfish\jersey\media\jersey-media-jaxb\2.29\jersey-media-jaxb-2.29.jar;C:\Users\ib\.m2\repository\org\glassfish\hk2\external\jakarta.inject\2.5.0\jakarta.inject-2.5.0.jar;C:\Users\ib\.m2\repository\org\glassfish\jersey\containers\jersey-container-servlet-core\2.29\jersey-container-servlet-core-2.29.jar;C:\Users\ib\.m2\repository\org\glassfish\jersey\containers\jersey-container-servlet\2.29\jersey-container-servlet-2.29.jar;C:\Users\ib\.m2\repository\org\glassfish\jersey\ext\jersey-bean-validation\2.29\jersey-bean-validation-2.29.jar;C:\Users\ib\.m2\repository\org\glassfish\jersey\ext\jersey-spring5\2.29\jersey-spring5-2.29.jar;C:\Users\ib\.m2\repository\org\glassfish\jersey\inject\jersey-hk2\2.29\jersey-hk2-2.29.jar;C:\Users\ib\.m2\repository\org\glassfish\hk2\hk2-locator\2.5.0\hk2-locator-2.5.0.jar;C:\Users\ib\.m2\repository\org\glassfish\hk2\external\aopalliance-repackaged\2.5.0\aopalliance-repackaged-2.5.0.jar;C:\Users\ib\.m2\repository\org\glassfish\hk2\hk2\2.5.0\hk2-2.5.0.jar;C:\Users\ib\.m2\repository\org\glassfish\hk2\hk2-utils\2.5.0\hk2-utils-2.5.0.jar;C:\Users\ib\.m2\repository\org\glassfish\hk2\hk2-api\2.5.0\hk2-api-2.5.0.jar;C:\Users\ib\.m2\repository\org\glassfish\hk2\hk2-core\2.5.0\hk2-core-2.5.0.jar;C:\Users\ib\.m2\repository\org\glassfish\hk2\hk2-runlevel\2.5.0\hk2-runlevel-2.5.0.jar;C:\Users\ib\.m2\repository\org\glassfish\hk2\class-model\2.5.0\class-model-2.5.0.jar;C:\Users\ib\.m2\repository\org\glassfish\hk2\external\asm-repackaged\2.5.0\asm-repackaged-2.5.0.jar;C:\Users\ib\.m2\repository\org\glassfish\hk2\spring-bridge\2.5.0\spring-bridge-2.5.0.jar;C:\Users\ib\.m2\repository\org\glassfish\jersey\media\jersey-media-json-jackson\2.29\jersey-media-json-jackson-2.29.jar;C:\Users\ib\.m2\repository\org\glassfish\jersey\ext\jersey-entity-filtering\2.29\jersey-entity-filtering-2.29.jar;C:\Users\ib\.m2\repository\com\fasterxml\jackson\core\jackson-annotations\2.9.0\jackson-annotations-2.9.0.jar;C:\Users\ib\.m2\repository\com\fasterxml\jackson\module\jackson-module-jaxb-annotations\2.9.9\jackson-module-jaxb-annotations-2.9.9.jar;C:\Users\ib\.m2\repository\jakarta\xml\bind\jakarta.xml.bind-api\2.3.2\jakarta.xml.bind-api-2.3.2.jar;C:\Users\ib\.m2\repository\org\springframework\boot\spring-boot-starter-mail\2.2.0.M6\spring-boot-starter-mail-2.2.0.M6.jar;C:\Users\ib\.m2\repository\org\springframework\boot\spring-boot-starter\2.2.0.M6\spring-boot-starter-2.2.0.M6.jar;C:\Users\ib\.m2\repository\org\springframework\boot\spring-boot\2.2.0.M6\spring-boot-2.2.0.M6.jar;C:\Users\ib\.m2\repository\org\springframework\boot\spring-boot-autoconfigure\2.2.0.M6\spring-boot-autoconfigure-2.2.0.M6.jar;C:\Users\ib\.m2\repository\org\springframework\boot\spring-boot-starter-logging\2.2.0.M6\spring-boot-starter-logging-2.2.0.M6.jar;C:\Users\ib\.m2\repository\ch\qos\logback\logback-classic\1.2.3\logback-classic-1.2.3.jar;C:\Users\ib\.m2\repository\ch\qos\logback\logback-core\1.2.3\logback-core-1.2.3.jar;C:\Users\ib\.m2\repository\org\apache\logging\log4j\log4j-to-slf4j\2.12.1\log4j-to-slf4j-2.12.1.jar;C:\Users\ib\.m2\repository\org\slf4j\jul-to-slf4j\1.7.28\jul-to-slf4j-1.7.28.jar;C:\Users\ib\.m2\repository\org\yaml\snakeyaml\1.25\snakeyaml-1.25.jar;C:\Users\ib\.m2\repository\org\springframework\spring-context-support\5.2.0.RC2\spring-context-support-5.2.0.RC2.jar;C:\Users\ib\.m2\repository\com\sun\mail\jakarta.mail\1.6.4\jakarta.mail-1.6.4.jar;C:\Users\ib\.m2\repository\com\sun\activation\jakarta.activation\1.2.1\jakarta.activation-1.2.1.jar;C:\Users\ib\.m2\repository\org\springframework\boot\spring-boot-starter-web\2.2.0.M6\spring-boot-starter-web-2.2.0.M6.jar;C:\Users\ib\.m2\repository\org\springframework\spring-webmvc\5.2.0.RC2\spring-webmvc-5.2.0.RC2.jar;C:\Users\ib\.m2\repository\org\springframework\boot\spring-boot-starter-test\2.2.0.M6\spring-boot-starter-test-2.2.0.M6.jar;C:\Users\ib\.m2\repository\org\springframework\boot\spring-boot-test\2.2.0.M6\spring-boot-test-2.2.0.M6.jar;C:\Users\ib\.m2\repository\org\springframework\boot\spring-boot-test-autoconfigure\2.2.0.M6\spring-boot-test-autoconfigure-2.2.0.M6.jar;C:\Users\ib\.m2\repository\com\jayway\jsonpath\json-path\2.4.0\json-path-2.4.0.jar;C:\Users\ib\.m2\repository\net\minidev\json-smart\2.3\json-smart-2.3.jar;C:\Users\ib\.m2\repository\net\minidev\accessors-smart\1.2\accessors-smart-1.2.jar;C:\Users\ib\.m2\repository\org\ow2\asm\asm\5.0.4\asm-5.0.4.jar;C:\Users\ib\.m2\repository\org\junit\jupiter\junit-jupiter\5.5.2\junit-jupiter-5.5.2.jar;C:\Users\ib\.m2\repository\org\junit\jupiter\junit-jupiter-api\5.5.2\junit-jupiter-api-5.5.2.jar;C:\Users\ib\.m2\repository\org\apiguardian\apiguardian-api\1.1.0\apiguardian-api-1.1.0.jar;C:\Users\ib\.m2\repository\org\opentest4j\opentest4j\1.2.0\opentest4j-1.2.0.jar;C:\Users\ib\.m2\repository\org\junit\platform\junit-platform-commons\1.5.2\junit-platform-commons-1.5.2.jar;C:\Users\ib\.m2\repository\org\junit\jupiter\junit-jupiter-params\5.5.2\junit-jupiter-params-5.5.2.jar;C:\Users\ib\.m2\repository\org\junit\jupiter\junit-jupiter-engine\5.5.2\junit-jupiter-engine-5.5.2.jar;C:\Users\ib\.m2\repository\org\junit\platform\junit-platform-engine\1.5.2\junit-platform-engine-1.5.2.jar;C:\Users\ib\.m2\repository\org\mockito\mockito-junit-jupiter\3.0.0\mockito-junit-jupiter-3.0.0.jar;C:\Users\ib\.m2\repository\org\assertj\assertj-core\3.13.2\assertj-core-3.13.2.jar;C:\Users\ib\.m2\repository\org\hamcrest\hamcrest\2.1\hamcrest-2.1.jar;C:\Users\ib\.m2\repository\org\mockito\mockito-core\3.0.0\mockito-core-3.0.0.jar;C:\Users\ib\.m2\repository\net\bytebuddy\byte-buddy-agent\1.10.1\byte-buddy-agent-1.10.1.jar;C:\Users\ib\.m2\repository\org\objenesis\objenesis\2.6\objenesis-2.6.jar;C:\Users\ib\.m2\repository\org\skyscreamer\jsonassert\1.5.0\jsonassert-1.5.0.jar;C:\Users\ib\.m2\repository\com\vaadin\external\google\android-json\0.0.20131108.vaadin1\android-json-0.0.20131108.vaadin1.jar;C:\Users\ib\.m2\repository\org\springframework\spring-core\5.2.0.RC2\spring-core-5.2.0.RC2.jar;C:\Users\ib\.m2\repository\org\springframework\spring-jcl\5.2.0.RC2\spring-jcl-5.2.0.RC2.jar;C:\Users\ib\.m2\repository\org\springframework\spring-test\5.2.0.RC2\spring-test-5.2.0.RC2.jar;C:\Users\ib\.m2\repository\org\xmlunit\xmlunit-core\2.6.3\xmlunit-core-2.6.3.jar;C:\Users\ib\.m2\repository\junit\junit\4.12\junit-4.12.jar;C:\Users\ib\.m2\repository\org\hamcrest\hamcrest-core\2.1\hamcrest-core-2.1.jar;C:\Users\ib\.m2\repository\org\apache\logging\log4j\log4j-core\2.12.1\log4j-core-2.12.1.jar;C:\Users\ib\.m2\repository\org\apache\logging\log4j\log4j-api\2.12.1\log4j-api-2.12.1.jar;C:\Users\ib\.m2\repository\org\springframework\spring-web\5.2.0.RC2\spring-web-5.2.0.RC2.jar;C:\Users\ib\.m2\repository\org\springframework\spring-beans\5.2.0.RC2\spring-beans-5.2.0.RC2.jar;C:\Users\ib\.m2\repository\org\springframework\spring-context\5.2.0.RC2\spring-context-5.2.0.RC2.jar;C:\Users\ib\.m2\repository\org\springframework\spring-aop\5.2.0.RC2\spring-aop-5.2.0.RC2.jar;C:\Users\ib\.m2\repository\org\springframework\spring-expression\5.2.0.RC2\spring-expression-5.2.0.RC2.jar;C:\Users\ib\.m2\repository\org\hibernate\hibernate-core\5.4.4.Final\hibernate-core-5.4.4.Final.jar;C:\Users\ib\.m2\repository\org\jboss\logging\jboss-logging\3.4.1.Final\jboss-logging-3.4.1.Final.jar;C:\Users\ib\.m2\repository\javax\persistence\javax.persistence-api\2.2\javax.persistence-api-2.2.jar;C:\Users\ib\.m2\repository\org\javassist\javassist\3.24.0-GA\javassist-3.24.0-GA.jar;C:\Users\ib\.m2\repository\net\bytebuddy\byte-buddy\1.10.1\byte-buddy-1.10.1.jar;C:\Users\ib\.m2\repository\antlr\antlr\2.7.7\antlr-2.7.7.jar;C:\Users\ib\.m2\repository\org\jboss\spec\javax\transaction\jboss-transaction-api_1.2_spec\1.1.1.Final\jboss-transaction-api_1.2_spec-1.1.1.Final.jar;C:\Users\ib\.m2\repository\org\jboss\jandex\2.0.5.Final\jandex-2.0.5.Final.jar;C:\Users\ib\.m2\repository\com\fasterxml\classmate\1.5.0\classmate-1.5.0.jar;C:\Users\ib\.m2\repository\javax\activation\javax.activation-api\1.2.0\javax.activation-api-1.2.0.jar;C:\Users\ib\.m2\repository\org\dom4j\dom4j\2.1.1\dom4j-2.1.1.jar;C:\Users\ib\.m2\repository\org\hibernate\common\hibernate-commons-annotations\5.1.0.Final\hibernate-commons-annotations-5.1.0.Final.jar;C:\Users\ib\.m2\repository\javax\xml\bind\jaxb-api\2.3.1\jaxb-api-2.3.1.jar;C:\Users\ib\.m2\repository\org\glassfish\jaxb\jaxb-runtime\2.3.2\jaxb-runtime-2.3.2.jar;C:\Users\ib\.m2\repository\org\glassfish\jaxb\txw2\2.3.2\txw2-2.3.2.jar;C:\Users\ib\.m2\repository\com\sun\istack\istack-commons-runtime\3.0.8\istack-commons-runtime-3.0.8.jar;C:\Users\ib\.m2\repository\org\jvnet\staxex\stax-ex\1.8.1\stax-ex-1.8.1.jar;C:\Users\ib\.m2\repository\com\sun\xml\fastinfoset\FastInfoset\1.2.16\FastInfoset-1.2.16.jar;C:\Users\ib\.m2\repository\mysql\mysql-connector-java\8.0.17\mysql-connector-java-8.0.17.jar;C:\Users\ib\.m2\repository\org\springframework\spring-orm\5.2.0.RC2\spring-orm-5.2.0.RC2.jar;C:\Users\ib\.m2\repository\org\springframework\spring-jdbc\5.2.0.RC2\spring-jdbc-5.2.0.RC2.jar;C:\Users\ib\.m2\repository\org\springframework\spring-tx\5.2.0.RC2\spring-tx-5.2.0.RC2.jar;C:\Users\ib\.m2\repository\org\aspectj\aspectjrt\1.9.4\aspectjrt-1.9.4.jar;C:\Users\ib\.m2\repository\org\aspectj\aspectjweaver\1.9.4\aspectjweaver-1.9.4.jar;C:\Users\ib\.m2\repository\org\springframework\spring-aspects\5.2.0.RC2\spring-aspects-5.2.0.RC2.jar;C:\Users\ib\.m2\repository\org\apache\commons\commons-dbcp2\2.7.0\commons-dbcp2-2.7.0.jar;C:\Users\ib\.m2\repository\org\apache\commons\commons-pool2\2.7.0\commons-pool2-2.7.0.jar;"/>
    <property name="sun.cpu.endian" value="little"/>
    <property name="user.home" value="C:\Users\ib"/>
    <property name="user.language" value="fr"/>
    <property name="java.specification.vendor" value="Oracle Corporation"/>
    <property name="java.home" value="C:\Program Files\Java\jdk1.8.0_151\jre"/>
    <property name="basedir" value="C:\Users\ib\Desktop\WebServices\Project\Project"/>
    <property name="file.separator" value="\"/>
    <property name="line.separator" value="&#10;"/>
    <property name="java.vm.specification.vendor" value="Oracle Corporation"/>
    <property name="java.specification.name" value="Java Platform API Specification"/>
    <property name="java.awt.graphicsenv" value="sun.awt.Win32GraphicsEnvironment"/>
    <property name="surefire.real.class.path" value="C:\Users\ib\AppData\Local\Temp\surefire718100565186059519\surefirebooter1759694482937810486.jar"/>
    <property name="sun.boot.class.path" value="C:\Program Files\Java\jdk1.8.0_151\jre\lib\resources.jar;C:\Program Files\Java\jdk1.8.0_151\jre\lib\rt.jar;C:\Program Files\Java\jdk1.8.0_151\jre\lib\sunrsasign.jar;C:\Program Files\Java\jdk1.8.0_151\jre\lib\jsse.jar;C:\Program Files\Java\jdk1.8.0_151\jre\lib\jce.jar;C:\Program Files\Java\jdk1.8.0_151\jre\lib\charsets.jar;C:\Program Files\Java\jdk1.8.0_151\jre\lib\jfr.jar;C:\Program Files\Java\jdk1.8.0_151\jre\classes"/>
    <property name="user.script" value=""/>
    <property name="sun.management.compiler" value="HotSpot 64-Bit Tiered Compilers"/>
    <property name="java.runtime.version" value="1.8.0_151-b12"/>
    <property name="user.name" value="ib"/>
    <property name="path.separator" value=";"/>
    <property name="os.version" value="10.0"/>
    <property name="java.endorsed.dirs" value="C:\Program Files\Java\jdk1.8.0_151\jre\lib\endorsed"/>
    <property name="java.runtime.name" value="Java(TM) SE Runtime Environment"/>
    <property name="file.encoding" value="Cp1252"/>
    <property name="java.vm.name" value="Java HotSpot(TM) 64-Bit Server VM"/>
    <property name="localRepository" value="C:\Users\ib\.m2\repository"/>
    <property name="java.vendor.url.bug" value="http://bugreport.sun.com/bugreport/"/>
    <property name="java.io.tmpdir" value="C:\Users\ib\AppData\Local\Temp\"/>
    <property name="java.version" value="1.8.0_151"/>
    <property name="user.dir" value="C:\Users\ib\Desktop\WebServices\Project\Project"/>
    <property name="os.arch" value="amd64"/>
    <property name="java.vm.specification.name" value="Java Virtual Machine Specification"/>
    <property name="java.awt.printerjob" value="sun.awt.windows.WPrinterJob"/>
    <property name="sun.os.patch.level" value=""/>
    <property name="java.library.path" value="C:\Program Files\Java\jdk1.8.0_151\jre\bin;C:\Windows\Sun\Java\bin;C:\Windows\system32;C:\Windows;C:\Program Files\Java\jdk-12.0.2\bin;C:\Program Files\Docker\Docker\Resources\bin;C:\ProgramData\Oracle\Java\javapath;C:\Windows\system32;C:\Windows;C:\Windows\System32\Wbem;C:\Windows\System32\WindowsPowerShell\v1.0\;C:\Program Files\Git\cmd;C:\Program Files\PostgreSQL\11\bin;C:\Program Files\nodejs\;C:\Program Files\MySQL\MySQL Shell 8.0\bin\;C:\Users\ib\AppData\Local\Programs\VSCodium\bin;C:\Users\ib\AppData\Local\GitHubDesktop\bin;C:\Users\ib\AppData\Roaming\npm;C:\ProgramData\ib\GitHubDesktop\bin;C:\Users\ib\AppData\Local\Programs\Microsoft VS Code\bin;."/>
    <property name="java.vm.info" value="mixed mode"/>
    <property name="java.vendor" value="Oracle Corporation"/>
    <property name="java.vm.version" value="25.151-b12"/>
    <property name="java.ext.dirs" value="C:\Program Files\Java\jdk1.8.0_151\jre\lib\ext;C:\Windows\Sun\Java\lib\ext"/>
    <property name="sun.io.unicode.encoding" value="UnicodeLittle"/>
    <property name="java.class.version" value="52.0"/>
  </properties>
  <testcase name="contextLoads" classname="com.banque.Project.ProjectApplicationTests" time="0.061"/>
</testsuite>